  [1m[35m (0.2ms)[0m  [1m[35mSET NAMES utf8,  @@SESSION.sql_mode = CONCAT(CONCAT(@@sql_mode, ',STRICT_ALL_TABLES'), ',NO_AUTO_VALUE_ON_ZERO'),  @@SESSION.sql_auto_is_null = 0, @@SESSION.wait_timeout = 2147483[0m
  ↳ bin/rails:9
  [1m[35m (0.3ms)[0m  [1m[35mCREATE DATABASE `T@L-CHATS_development` DEFAULT CHARACTER SET `utf8`[0m
  ↳ bin/rails:9
  [1m[35m (0.2ms)[0m  [1m[35mSET NAMES utf8,  @@SESSION.sql_mode = CONCAT(CONCAT(@@sql_mode, ',STRICT_ALL_TABLES'), ',NO_AUTO_VALUE_ON_ZERO'),  @@SESSION.sql_auto_is_null = 0, @@SESSION.wait_timeout = 2147483[0m
  ↳ bin/rails:9
  [1m[35m (0.2ms)[0m  [1m[35mCREATE DATABASE `T@L-CHATS_test` DEFAULT CHARACTER SET `utf8`[0m
  ↳ bin/rails:9
Started GET "/" for 127.0.0.1 at 2022-03-19 19:52:37 +0530
  [1m[35m (0.5ms)[0m  [1m[35mSET NAMES utf8,  @@SESSION.sql_mode = CONCAT(CONCAT(@@sql_mode, ',STRICT_ALL_TABLES'), ',NO_AUTO_VALUE_ON_ZERO'),  @@SESSION.sql_auto_is_null = 0, @@SESSION.wait_timeout = 2147483[0m
  ↳ /home/harsh/.rvm/gems/ruby-2.5.1/gems/activerecord-5.2.7/lib/active_record/log_subscriber.rb:98
Processing by Rails::WelcomeController#index as HTML
  Rendering /home/harsh/.rvm/gems/ruby-2.5.1/gems/railties-5.2.7/lib/rails/templates/rails/welcome/index.html.erb
  Rendered /home/harsh/.rvm/gems/ruby-2.5.1/gems/railties-5.2.7/lib/rails/templates/rails/welcome/index.html.erb (1.9ms)
Completed 200 OK in 7ms (Views: 4.1ms | ActiveRecord: 0.0ms)


Started GET "/" for ::1 at 2022-03-19 20:03:39 +0530
  [1m[35m (0.2ms)[0m  [1m[35mSET NAMES utf8,  @@SESSION.sql_mode = CONCAT(CONCAT(@@sql_mode, ',STRICT_ALL_TABLES'), ',NO_AUTO_VALUE_ON_ZERO'),  @@SESSION.sql_auto_is_null = 0, @@SESSION.wait_timeout = 2147483[0m
  ↳ /home/harsh/.rvm/gems/ruby-2.5.1/gems/activerecord-5.2.7/lib/active_record/log_subscriber.rb:98
Processing by Rails::WelcomeController#index as HTML
  Rendering /home/harsh/.rvm/gems/ruby-2.5.1/gems/railties-5.2.7/lib/rails/templates/rails/welcome/index.html.erb
  Rendered /home/harsh/.rvm/gems/ruby-2.5.1/gems/railties-5.2.7/lib/rails/templates/rails/welcome/index.html.erb (1.8ms)
Completed 200 OK in 6ms (Views: 3.5ms | ActiveRecord: 0.0ms)


Started GET "/" for ::1 at 2022-03-19 20:06:47 +0530
  [1m[35m (0.2ms)[0m  [1m[35mSET NAMES utf8,  @@SESSION.sql_mode = CONCAT(CONCAT(@@sql_mode, ',STRICT_ALL_TABLES'), ',NO_AUTO_VALUE_ON_ZERO'),  @@SESSION.sql_auto_is_null = 0, @@SESSION.wait_timeout = 2147483[0m
  ↳ /home/harsh/.rvm/gems/ruby-2.5.1/gems/activerecord-5.2.7/lib/active_record/log_subscriber.rb:98
Processing by ChatroomController#index as HTML
Completed 406 Not Acceptable in 9ms (ActiveRecord: 0.0ms)


  
ActionController::UnknownFormat (ChatroomController#index is missing a template for this request format and variant.

request.formats: ["text/html"]
request.variant: []

NOTE! For XHR/Ajax or API requests, this action would normally respond with 204 No Content: an empty white screen. Since you're loading it in a web browser, we assume that you expected to actually render a template, not nothing, so we're showing an error to be extra-clear. If you expect 204 No Content, carry on. That's what you'll get from an XHR or API request. Give it a shot.):
  
actionpack (5.2.7) lib/action_controller/metal/implicit_render.rb:55:in `default_render'
actionpack (5.2.7) lib/action_controller/metal/basic_implicit_render.rb:6:in `block in send_action'
actionpack (5.2.7) lib/action_controller/metal/basic_implicit_render.rb:6:in `tap'
actionpack (5.2.7) lib/action_controller/metal/basic_implicit_render.rb:6:in `send_action'
actionpack (5.2.7) lib/abstract_controller/base.rb:194:in `process_action'
actionpack (5.2.7) lib/action_controller/metal/rendering.rb:30:in `process_action'
actionpack (5.2.7) lib/abstract_controller/callbacks.rb:42:in `block in process_action'
activesupport (5.2.7) lib/active_support/callbacks.rb:132:in `run_callbacks'
actionpack (5.2.7) lib/abstract_controller/callbacks.rb:41:in `process_action'
actionpack (5.2.7) lib/action_controller/metal/rescue.rb:22:in `process_action'
actionpack (5.2.7) lib/action_controller/metal/instrumentation.rb:34:in `block in process_action'
activesupport (5.2.7) lib/active_support/notifications.rb:168:in `block in instrument'
activesupport (5.2.7) lib/active_support/notifications/instrumenter.rb:23:in `instrument'
activesupport (5.2.7) lib/active_support/notifications.rb:168:in `instrument'
actionpack (5.2.7) lib/action_controller/metal/instrumentation.rb:32:in `process_action'
actionpack (5.2.7) lib/action_controller/metal/params_wrapper.rb:256:in `process_action'
activerecord (5.2.7) lib/active_record/railties/controller_runtime.rb:24:in `process_action'
actionpack (5.2.7) lib/abstract_controller/base.rb:134:in `process'
actionview (5.2.7) lib/action_view/rendering.rb:32:in `process'
actionpack (5.2.7) lib/action_controller/metal.rb:191:in `dispatch'
actionpack (5.2.7) lib/action_controller/metal.rb:252:in `dispatch'
actionpack (5.2.7) lib/action_dispatch/routing/route_set.rb:52:in `dispatch'
actionpack (5.2.7) lib/action_dispatch/routing/route_set.rb:34:in `serve'
actionpack (5.2.7) lib/action_dispatch/journey/router.rb:52:in `block in serve'
actionpack (5.2.7) lib/action_dispatch/journey/router.rb:35:in `each'
actionpack (5.2.7) lib/action_dispatch/journey/router.rb:35:in `serve'
actionpack (5.2.7) lib/action_dispatch/routing/route_set.rb:840:in `call'
rack (2.2.3) lib/rack/tempfile_reaper.rb:15:in `call'
rack (2.2.3) lib/rack/etag.rb:27:in `call'
rack (2.2.3) lib/rack/conditional_get.rb:27:in `call'
rack (2.2.3) lib/rack/head.rb:12:in `call'
actionpack (5.2.7) lib/action_dispatch/http/content_security_policy.rb:18:in `call'
rack (2.2.3) lib/rack/session/abstract/id.rb:266:in `context'
rack (2.2.3) lib/rack/session/abstract/id.rb:260:in `call'
actionpack (5.2.7) lib/action_dispatch/middleware/cookies.rb:670:in `call'
activerecord (5.2.7) lib/active_record/migration.rb:559:in `call'
actionpack (5.2.7) lib/action_dispatch/middleware/callbacks.rb:28:in `block in call'
activesupport (5.2.7) lib/active_support/callbacks.rb:98:in `run_callbacks'
actionpack (5.2.7) lib/action_dispatch/middleware/callbacks.rb:26:in `call'
actionpack (5.2.7) lib/action_dispatch/middleware/executor.rb:14:in `call'
actionpack (5.2.7) lib/action_dispatch/middleware/debug_exceptions.rb:61:in `call'
web-console (3.7.0) lib/web_console/middleware.rb:135:in `call_app'
web-console (3.7.0) lib/web_console/middleware.rb:30:in `block in call'
web-console (3.7.0) lib/web_console/middleware.rb:20:in `catch'
web-console (3.7.0) lib/web_console/middleware.rb:20:in `call'
actionpack (5.2.7) lib/action_dispatch/middleware/show_exceptions.rb:33:in `call'
railties (5.2.7) lib/rails/rack/logger.rb:38:in `call_app'
railties (5.2.7) lib/rails/rack/logger.rb:26:in `block in call'
activesupport (5.2.7) lib/active_support/tagged_logging.rb:71:in `block in tagged'
activesupport (5.2.7) lib/active_support/tagged_logging.rb:28:in `tagged'
activesupport (5.2.7) lib/active_support/tagged_logging.rb:71:in `tagged'
railties (5.2.7) lib/rails/rack/logger.rb:26:in `call'
sprockets-rails (3.4.2) lib/sprockets/rails/quiet_assets.rb:13:in `call'
actionpack (5.2.7) lib/action_dispatch/middleware/remote_ip.rb:81:in `call'
actionpack (5.2.7) lib/action_dispatch/middleware/request_id.rb:27:in `call'
rack (2.2.3) lib/rack/method_override.rb:24:in `call'
rack (2.2.3) lib/rack/runtime.rb:22:in `call'
activesupport (5.2.7) lib/active_support/cache/strategy/local_cache_middleware.rb:29:in `call'
actionpack (5.2.7) lib/action_dispatch/middleware/executor.rb:14:in `call'
actionpack (5.2.7) lib/action_dispatch/middleware/static.rb:127:in `call'
rack (2.2.3) lib/rack/sendfile.rb:110:in `call'
railties (5.2.7) lib/rails/engine.rb:524:in `call'
puma (3.12.6) lib/puma/configuration.rb:227:in `call'
puma (3.12.6) lib/puma/server.rb:706:in `handle_request'
puma (3.12.6) lib/puma/server.rb:476:in `process_client'
puma (3.12.6) lib/puma/server.rb:334:in `block in run'
puma (3.12.6) lib/puma/thread_pool.rb:135:in `block in spawn_thread'
Started GET "/" for ::1 at 2022-03-19 20:08:18 +0530
Processing by ChatroomController#index as HTML
  Rendering chatroom/index.html.erb within layouts/application
  Rendered chatroom/index.html.erb within layouts/application (0.4ms)
Completed 200 OK in 163ms (Views: 162.1ms | ActiveRecord: 0.0ms)


Started GET "/" for ::1 at 2022-03-19 20:09:39 +0530
Processing by ChatroomController#index as HTML
  Rendering chatroom/index.html.erb within layouts/application
  Rendered chatroom/index.html.erb within layouts/application (0.2ms)
Completed 200 OK in 8ms (Views: 7.0ms | ActiveRecord: 0.0ms)


Started GET "/" for ::1 at 2022-03-19 20:09:41 +0530
Processing by ChatroomController#index as HTML
  Rendering chatroom/index.html.erb within layouts/application
  Rendered chatroom/index.html.erb within layouts/application (0.4ms)
Completed 200 OK in 10ms (Views: 9.2ms | ActiveRecord: 0.0ms)


Started GET "/login" for ::1 at 2022-03-19 20:09:46 +0530
  
ActionController::RoutingError (uninitialized constant SessionController):
  
activesupport (5.2.7) lib/active_support/inflector/methods.rb:283:in `const_get'
activesupport (5.2.7) lib/active_support/inflector/methods.rb:283:in `block in constantize'
activesupport (5.2.7) lib/active_support/inflector/methods.rb:281:in `each'
activesupport (5.2.7) lib/active_support/inflector/methods.rb:281:in `inject'
activesupport (5.2.7) lib/active_support/inflector/methods.rb:281:in `constantize'
actionpack (5.2.7) lib/action_dispatch/http/request.rb:88:in `controller_class_for'
actionpack (5.2.7) lib/action_dispatch/http/request.rb:81:in `controller_class'
actionpack (5.2.7) lib/action_dispatch/routing/route_set.rb:46:in `controller'
actionpack (5.2.7) lib/action_dispatch/routing/route_set.rb:32:in `serve'
actionpack (5.2.7) lib/action_dispatch/journey/router.rb:52:in `block in serve'
actionpack (5.2.7) lib/action_dispatch/journey/router.rb:35:in `each'
actionpack (5.2.7) lib/action_dispatch/journey/router.rb:35:in `serve'
actionpack (5.2.7) lib/action_dispatch/routing/route_set.rb:840:in `call'
rack (2.2.3) lib/rack/tempfile_reaper.rb:15:in `call'
rack (2.2.3) lib/rack/etag.rb:27:in `call'
rack (2.2.3) lib/rack/conditional_get.rb:27:in `call'
rack (2.2.3) lib/rack/head.rb:12:in `call'
actionpack (5.2.7) lib/action_dispatch/http/content_security_policy.rb:18:in `call'
rack (2.2.3) lib/rack/session/abstract/id.rb:266:in `context'
rack (2.2.3) lib/rack/session/abstract/id.rb:260:in `call'
actionpack (5.2.7) lib/action_dispatch/middleware/cookies.rb:670:in `call'
activerecord (5.2.7) lib/active_record/migration.rb:559:in `call'
actionpack (5.2.7) lib/action_dispatch/middleware/callbacks.rb:28:in `block in call'
activesupport (5.2.7) lib/active_support/callbacks.rb:98:in `run_callbacks'
actionpack (5.2.7) lib/action_dispatch/middleware/callbacks.rb:26:in `call'
actionpack (5.2.7) lib/action_dispatch/middleware/executor.rb:14:in `call'
actionpack (5.2.7) lib/action_dispatch/middleware/debug_exceptions.rb:61:in `call'
web-console (3.7.0) lib/web_console/middleware.rb:135:in `call_app'
web-console (3.7.0) lib/web_console/middleware.rb:30:in `block in call'
web-console (3.7.0) lib/web_console/middleware.rb:20:in `catch'
web-console (3.7.0) lib/web_console/middleware.rb:20:in `call'
actionpack (5.2.7) lib/action_dispatch/middleware/show_exceptions.rb:33:in `call'
railties (5.2.7) lib/rails/rack/logger.rb:38:in `call_app'
railties (5.2.7) lib/rails/rack/logger.rb:26:in `block in call'
activesupport (5.2.7) lib/active_support/tagged_logging.rb:71:in `block in tagged'
activesupport (5.2.7) lib/active_support/tagged_logging.rb:28:in `tagged'
activesupport (5.2.7) lib/active_support/tagged_logging.rb:71:in `tagged'
railties (5.2.7) lib/rails/rack/logger.rb:26:in `call'
sprockets-rails (3.4.2) lib/sprockets/rails/quiet_assets.rb:13:in `call'
actionpack (5.2.7) lib/action_dispatch/middleware/remote_ip.rb:81:in `call'
actionpack (5.2.7) lib/action_dispatch/middleware/request_id.rb:27:in `call'
rack (2.2.3) lib/rack/method_override.rb:24:in `call'
rack (2.2.3) lib/rack/runtime.rb:22:in `call'
activesupport (5.2.7) lib/active_support/cache/strategy/local_cache_middleware.rb:29:in `call'
actionpack (5.2.7) lib/action_dispatch/middleware/executor.rb:14:in `call'
actionpack (5.2.7) lib/action_dispatch/middleware/static.rb:127:in `call'
rack (2.2.3) lib/rack/sendfile.rb:110:in `call'
railties (5.2.7) lib/rails/engine.rb:524:in `call'
puma (3.12.6) lib/puma/configuration.rb:227:in `call'
puma (3.12.6) lib/puma/server.rb:706:in `handle_request'
puma (3.12.6) lib/puma/server.rb:476:in `process_client'
puma (3.12.6) lib/puma/server.rb:334:in `block in run'
puma (3.12.6) lib/puma/thread_pool.rb:135:in `block in spawn_thread'
Started GET "/login" for ::1 at 2022-03-19 20:09:59 +0530
  
LoadError (Unable to autoload constant SessionsController, expected /home/harsh/rails/T@L-CHATS/app/controllers/sessions_controller.rb to define it):
  
activesupport (5.2.7) lib/active_support/dependencies.rb:511:in `load_missing_constant'
activesupport (5.2.7) lib/active_support/dependencies.rb:195:in `const_missing'
activesupport (5.2.7) lib/active_support/inflector/methods.rb:283:in `const_get'
activesupport (5.2.7) lib/active_support/inflector/methods.rb:283:in `block in constantize'
activesupport (5.2.7) lib/active_support/inflector/methods.rb:281:in `each'
activesupport (5.2.7) lib/active_support/inflector/methods.rb:281:in `inject'
activesupport (5.2.7) lib/active_support/inflector/methods.rb:281:in `constantize'
activesupport (5.2.7) lib/active_support/dependencies.rb:582:in `get'
activesupport (5.2.7) lib/active_support/dependencies.rb:613:in `constantize'
actionpack (5.2.7) lib/action_dispatch/http/request.rb:88:in `controller_class_for'
actionpack (5.2.7) lib/action_dispatch/http/parameters.rb:101:in `binary_params_for?'
actionpack (5.2.7) lib/action_dispatch/http/parameters.rb:92:in `set_binary_encoding'
actionpack (5.2.7) lib/action_dispatch/http/parameters.rb:69:in `path_parameters='
actionpack (5.2.7) lib/action_dispatch/journey/router.rb:50:in `block in serve'
actionpack (5.2.7) lib/action_dispatch/journey/router.rb:35:in `each'
actionpack (5.2.7) lib/action_dispatch/journey/router.rb:35:in `serve'
actionpack (5.2.7) lib/action_dispatch/routing/route_set.rb:840:in `call'
rack (2.2.3) lib/rack/tempfile_reaper.rb:15:in `call'
rack (2.2.3) lib/rack/etag.rb:27:in `call'
rack (2.2.3) lib/rack/conditional_get.rb:27:in `call'
rack (2.2.3) lib/rack/head.rb:12:in `call'
actionpack (5.2.7) lib/action_dispatch/http/content_security_policy.rb:18:in `call'
rack (2.2.3) lib/rack/session/abstract/id.rb:266:in `context'
rack (2.2.3) lib/rack/session/abstract/id.rb:260:in `call'
actionpack (5.2.7) lib/action_dispatch/middleware/cookies.rb:670:in `call'
activerecord (5.2.7) lib/active_record/migration.rb:559:in `call'
actionpack (5.2.7) lib/action_dispatch/middleware/callbacks.rb:28:in `block in call'
activesupport (5.2.7) lib/active_support/callbacks.rb:98:in `run_callbacks'
actionpack (5.2.7) lib/action_dispatch/middleware/callbacks.rb:26:in `call'
actionpack (5.2.7) lib/action_dispatch/middleware/executor.rb:14:in `call'
actionpack (5.2.7) lib/action_dispatch/middleware/debug_exceptions.rb:61:in `call'
web-console (3.7.0) lib/web_console/middleware.rb:135:in `call_app'
web-console (3.7.0) lib/web_console/middleware.rb:30:in `block in call'
web-console (3.7.0) lib/web_console/middleware.rb:20:in `catch'
web-console (3.7.0) lib/web_console/middleware.rb:20:in `call'
actionpack (5.2.7) lib/action_dispatch/middleware/show_exceptions.rb:33:in `call'
railties (5.2.7) lib/rails/rack/logger.rb:38:in `call_app'
railties (5.2.7) lib/rails/rack/logger.rb:26:in `block in call'
activesupport (5.2.7) lib/active_support/tagged_logging.rb:71:in `block in tagged'
activesupport (5.2.7) lib/active_support/tagged_logging.rb:28:in `tagged'
activesupport (5.2.7) lib/active_support/tagged_logging.rb:71:in `tagged'
railties (5.2.7) lib/rails/rack/logger.rb:26:in `call'
sprockets-rails (3.4.2) lib/sprockets/rails/quiet_assets.rb:13:in `call'
actionpack (5.2.7) lib/action_dispatch/middleware/remote_ip.rb:81:in `call'
actionpack (5.2.7) lib/action_dispatch/middleware/request_id.rb:27:in `call'
rack (2.2.3) lib/rack/method_override.rb:24:in `call'
rack (2.2.3) lib/rack/runtime.rb:22:in `call'
activesupport (5.2.7) lib/active_support/cache/strategy/local_cache_middleware.rb:29:in `call'
actionpack (5.2.7) lib/action_dispatch/middleware/executor.rb:14:in `call'
actionpack (5.2.7) lib/action_dispatch/middleware/static.rb:127:in `call'
rack (2.2.3) lib/rack/sendfile.rb:110:in `call'
railties (5.2.7) lib/rails/engine.rb:524:in `call'
puma (3.12.6) lib/puma/configuration.rb:227:in `call'
puma (3.12.6) lib/puma/server.rb:706:in `handle_request'
puma (3.12.6) lib/puma/server.rb:476:in `process_client'
puma (3.12.6) lib/puma/server.rb:334:in `block in run'
puma (3.12.6) lib/puma/thread_pool.rb:135:in `block in spawn_thread'
Started GET "/login" for ::1 at 2022-03-19 20:11:07 +0530
  
LoadError (Unable to autoload constant SessionsController, expected /home/harsh/rails/T@L-CHATS/app/controllers/sessions_controller.rb to define it):
  
activesupport (5.2.7) lib/active_support/dependencies.rb:511:in `load_missing_constant'
activesupport (5.2.7) lib/active_support/dependencies.rb:195:in `const_missing'
activesupport (5.2.7) lib/active_support/inflector/methods.rb:283:in `const_get'
activesupport (5.2.7) lib/active_support/inflector/methods.rb:283:in `block in constantize'
activesupport (5.2.7) lib/active_support/inflector/methods.rb:281:in `each'
activesupport (5.2.7) lib/active_support/inflector/methods.rb:281:in `inject'
activesupport (5.2.7) lib/active_support/inflector/methods.rb:281:in `constantize'
activesupport (5.2.7) lib/active_support/dependencies.rb:582:in `get'
activesupport (5.2.7) lib/active_support/dependencies.rb:613:in `constantize'
actionpack (5.2.7) lib/action_dispatch/http/request.rb:88:in `controller_class_for'
actionpack (5.2.7) lib/action_dispatch/http/parameters.rb:101:in `binary_params_for?'
actionpack (5.2.7) lib/action_dispatch/http/parameters.rb:92:in `set_binary_encoding'
actionpack (5.2.7) lib/action_dispatch/http/parameters.rb:69:in `path_parameters='
actionpack (5.2.7) lib/action_dispatch/journey/router.rb:50:in `block in serve'
actionpack (5.2.7) lib/action_dispatch/journey/router.rb:35:in `each'
actionpack (5.2.7) lib/action_dispatch/journey/router.rb:35:in `serve'
actionpack (5.2.7) lib/action_dispatch/routing/route_set.rb:840:in `call'
rack (2.2.3) lib/rack/tempfile_reaper.rb:15:in `call'
rack (2.2.3) lib/rack/etag.rb:27:in `call'
rack (2.2.3) lib/rack/conditional_get.rb:27:in `call'
rack (2.2.3) lib/rack/head.rb:12:in `call'
actionpack (5.2.7) lib/action_dispatch/http/content_security_policy.rb:18:in `call'
rack (2.2.3) lib/rack/session/abstract/id.rb:266:in `context'
rack (2.2.3) lib/rack/session/abstract/id.rb:260:in `call'
actionpack (5.2.7) lib/action_dispatch/middleware/cookies.rb:670:in `call'
activerecord (5.2.7) lib/active_record/migration.rb:559:in `call'
actionpack (5.2.7) lib/action_dispatch/middleware/callbacks.rb:28:in `block in call'
activesupport (5.2.7) lib/active_support/callbacks.rb:98:in `run_callbacks'
actionpack (5.2.7) lib/action_dispatch/middleware/callbacks.rb:26:in `call'
actionpack (5.2.7) lib/action_dispatch/middleware/executor.rb:14:in `call'
actionpack (5.2.7) lib/action_dispatch/middleware/debug_exceptions.rb:61:in `call'
web-console (3.7.0) lib/web_console/middleware.rb:135:in `call_app'
web-console (3.7.0) lib/web_console/middleware.rb:30:in `block in call'
web-console (3.7.0) lib/web_console/middleware.rb:20:in `catch'
web-console (3.7.0) lib/web_console/middleware.rb:20:in `call'
actionpack (5.2.7) lib/action_dispatch/middleware/show_exceptions.rb:33:in `call'
railties (5.2.7) lib/rails/rack/logger.rb:38:in `call_app'
railties (5.2.7) lib/rails/rack/logger.rb:26:in `block in call'
activesupport (5.2.7) lib/active_support/tagged_logging.rb:71:in `block in tagged'
activesupport (5.2.7) lib/active_support/tagged_logging.rb:28:in `tagged'
activesupport (5.2.7) lib/active_support/tagged_logging.rb:71:in `tagged'
railties (5.2.7) lib/rails/rack/logger.rb:26:in `call'
sprockets-rails (3.4.2) lib/sprockets/rails/quiet_assets.rb:13:in `call'
actionpack (5.2.7) lib/action_dispatch/middleware/remote_ip.rb:81:in `call'
actionpack (5.2.7) lib/action_dispatch/middleware/request_id.rb:27:in `call'
rack (2.2.3) lib/rack/method_override.rb:24:in `call'
rack (2.2.3) lib/rack/runtime.rb:22:in `call'
activesupport (5.2.7) lib/active_support/cache/strategy/local_cache_middleware.rb:29:in `call'
actionpack (5.2.7) lib/action_dispatch/middleware/executor.rb:14:in `call'
actionpack (5.2.7) lib/action_dispatch/middleware/static.rb:127:in `call'
rack (2.2.3) lib/rack/sendfile.rb:110:in `call'
railties (5.2.7) lib/rails/engine.rb:524:in `call'
puma (3.12.6) lib/puma/configuration.rb:227:in `call'
puma (3.12.6) lib/puma/server.rb:706:in `handle_request'
puma (3.12.6) lib/puma/server.rb:476:in `process_client'
puma (3.12.6) lib/puma/server.rb:334:in `block in run'
puma (3.12.6) lib/puma/thread_pool.rb:135:in `block in spawn_thread'
Started GET "/login" for ::1 at 2022-03-19 20:11:07 +0530
  
LoadError (Unable to autoload constant SessionsController, expected /home/harsh/rails/T@L-CHATS/app/controllers/sessions_controller.rb to define it):
  
activesupport (5.2.7) lib/active_support/dependencies.rb:511:in `load_missing_constant'
activesupport (5.2.7) lib/active_support/dependencies.rb:195:in `const_missing'
activesupport (5.2.7) lib/active_support/inflector/methods.rb:283:in `const_get'
activesupport (5.2.7) lib/active_support/inflector/methods.rb:283:in `block in constantize'
activesupport (5.2.7) lib/active_support/inflector/methods.rb:281:in `each'
activesupport (5.2.7) lib/active_support/inflector/methods.rb:281:in `inject'
activesupport (5.2.7) lib/active_support/inflector/methods.rb:281:in `constantize'
activesupport (5.2.7) lib/active_support/dependencies.rb:582:in `get'
activesupport (5.2.7) lib/active_support/dependencies.rb:613:in `constantize'
actionpack (5.2.7) lib/action_dispatch/http/request.rb:88:in `controller_class_for'
actionpack (5.2.7) lib/action_dispatch/http/parameters.rb:101:in `binary_params_for?'
actionpack (5.2.7) lib/action_dispatch/http/parameters.rb:92:in `set_binary_encoding'
actionpack (5.2.7) lib/action_dispatch/http/parameters.rb:69:in `path_parameters='
actionpack (5.2.7) lib/action_dispatch/journey/router.rb:50:in `block in serve'
actionpack (5.2.7) lib/action_dispatch/journey/router.rb:35:in `each'
actionpack (5.2.7) lib/action_dispatch/journey/router.rb:35:in `serve'
actionpack (5.2.7) lib/action_dispatch/routing/route_set.rb:840:in `call'
rack (2.2.3) lib/rack/tempfile_reaper.rb:15:in `call'
rack (2.2.3) lib/rack/etag.rb:27:in `call'
rack (2.2.3) lib/rack/conditional_get.rb:27:in `call'
rack (2.2.3) lib/rack/head.rb:12:in `call'
actionpack (5.2.7) lib/action_dispatch/http/content_security_policy.rb:18:in `call'
rack (2.2.3) lib/rack/session/abstract/id.rb:266:in `context'
rack (2.2.3) lib/rack/session/abstract/id.rb:260:in `call'
actionpack (5.2.7) lib/action_dispatch/middleware/cookies.rb:670:in `call'
activerecord (5.2.7) lib/active_record/migration.rb:559:in `call'
actionpack (5.2.7) lib/action_dispatch/middleware/callbacks.rb:28:in `block in call'
activesupport (5.2.7) lib/active_support/callbacks.rb:98:in `run_callbacks'
actionpack (5.2.7) lib/action_dispatch/middleware/callbacks.rb:26:in `call'
actionpack (5.2.7) lib/action_dispatch/middleware/executor.rb:14:in `call'
actionpack (5.2.7) lib/action_dispatch/middleware/debug_exceptions.rb:61:in `call'
web-console (3.7.0) lib/web_console/middleware.rb:135:in `call_app'
web-console (3.7.0) lib/web_console/middleware.rb:30:in `block in call'
web-console (3.7.0) lib/web_console/middleware.rb:20:in `catch'
web-console (3.7.0) lib/web_console/middleware.rb:20:in `call'
actionpack (5.2.7) lib/action_dispatch/middleware/show_exceptions.rb:33:in `call'
railties (5.2.7) lib/rails/rack/logger.rb:38:in `call_app'
railties (5.2.7) lib/rails/rack/logger.rb:26:in `block in call'
activesupport (5.2.7) lib/active_support/tagged_logging.rb:71:in `block in tagged'
activesupport (5.2.7) lib/active_support/tagged_logging.rb:28:in `tagged'
activesupport (5.2.7) lib/active_support/tagged_logging.rb:71:in `tagged'
railties (5.2.7) lib/rails/rack/logger.rb:26:in `call'
sprockets-rails (3.4.2) lib/sprockets/rails/quiet_assets.rb:13:in `call'
actionpack (5.2.7) lib/action_dispatch/middleware/remote_ip.rb:81:in `call'
actionpack (5.2.7) lib/action_dispatch/middleware/request_id.rb:27:in `call'
rack (2.2.3) lib/rack/method_override.rb:24:in `call'
rack (2.2.3) lib/rack/runtime.rb:22:in `call'
activesupport (5.2.7) lib/active_support/cache/strategy/local_cache_middleware.rb:29:in `call'
actionpack (5.2.7) lib/action_dispatch/middleware/executor.rb:14:in `call'
actionpack (5.2.7) lib/action_dispatch/middleware/static.rb:127:in `call'
rack (2.2.3) lib/rack/sendfile.rb:110:in `call'
railties (5.2.7) lib/rails/engine.rb:524:in `call'
puma (3.12.6) lib/puma/configuration.rb:227:in `call'
puma (3.12.6) lib/puma/server.rb:706:in `handle_request'
puma (3.12.6) lib/puma/server.rb:476:in `process_client'
puma (3.12.6) lib/puma/server.rb:334:in `block in run'
puma (3.12.6) lib/puma/thread_pool.rb:135:in `block in spawn_thread'
Started GET "/login" for ::1 at 2022-03-19 20:11:07 +0530
  
LoadError (Unable to autoload constant SessionsController, expected /home/harsh/rails/T@L-CHATS/app/controllers/sessions_controller.rb to define it):
  
activesupport (5.2.7) lib/active_support/dependencies.rb:511:in `load_missing_constant'
activesupport (5.2.7) lib/active_support/dependencies.rb:195:in `const_missing'
activesupport (5.2.7) lib/active_support/inflector/methods.rb:283:in `const_get'
activesupport (5.2.7) lib/active_support/inflector/methods.rb:283:in `block in constantize'
activesupport (5.2.7) lib/active_support/inflector/methods.rb:281:in `each'
activesupport (5.2.7) lib/active_support/inflector/methods.rb:281:in `inject'
activesupport (5.2.7) lib/active_support/inflector/methods.rb:281:in `constantize'
activesupport (5.2.7) lib/active_support/dependencies.rb:582:in `get'
activesupport (5.2.7) lib/active_support/dependencies.rb:613:in `constantize'
actionpack (5.2.7) lib/action_dispatch/http/request.rb:88:in `controller_class_for'
actionpack (5.2.7) lib/action_dispatch/http/parameters.rb:101:in `binary_params_for?'
actionpack (5.2.7) lib/action_dispatch/http/parameters.rb:92:in `set_binary_encoding'
actionpack (5.2.7) lib/action_dispatch/http/parameters.rb:69:in `path_parameters='
actionpack (5.2.7) lib/action_dispatch/journey/router.rb:50:in `block in serve'
actionpack (5.2.7) lib/action_dispatch/journey/router.rb:35:in `each'
actionpack (5.2.7) lib/action_dispatch/journey/router.rb:35:in `serve'
actionpack (5.2.7) lib/action_dispatch/routing/route_set.rb:840:in `call'
rack (2.2.3) lib/rack/tempfile_reaper.rb:15:in `call'
rack (2.2.3) lib/rack/etag.rb:27:in `call'
rack (2.2.3) lib/rack/conditional_get.rb:27:in `call'
rack (2.2.3) lib/rack/head.rb:12:in `call'
actionpack (5.2.7) lib/action_dispatch/http/content_security_policy.rb:18:in `call'
rack (2.2.3) lib/rack/session/abstract/id.rb:266:in `context'
rack (2.2.3) lib/rack/session/abstract/id.rb:260:in `call'
actionpack (5.2.7) lib/action_dispatch/middleware/cookies.rb:670:in `call'
activerecord (5.2.7) lib/active_record/migration.rb:559:in `call'
actionpack (5.2.7) lib/action_dispatch/middleware/callbacks.rb:28:in `block in call'
activesupport (5.2.7) lib/active_support/callbacks.rb:98:in `run_callbacks'
actionpack (5.2.7) lib/action_dispatch/middleware/callbacks.rb:26:in `call'
actionpack (5.2.7) lib/action_dispatch/middleware/executor.rb:14:in `call'
actionpack (5.2.7) lib/action_dispatch/middleware/debug_exceptions.rb:61:in `call'
web-console (3.7.0) lib/web_console/middleware.rb:135:in `call_app'
web-console (3.7.0) lib/web_console/middleware.rb:30:in `block in call'
web-console (3.7.0) lib/web_console/middleware.rb:20:in `catch'
web-console (3.7.0) lib/web_console/middleware.rb:20:in `call'
actionpack (5.2.7) lib/action_dispatch/middleware/show_exceptions.rb:33:in `call'
railties (5.2.7) lib/rails/rack/logger.rb:38:in `call_app'
railties (5.2.7) lib/rails/rack/logger.rb:26:in `block in call'
activesupport (5.2.7) lib/active_support/tagged_logging.rb:71:in `block in tagged'
activesupport (5.2.7) lib/active_support/tagged_logging.rb:28:in `tagged'
activesupport (5.2.7) lib/active_support/tagged_logging.rb:71:in `tagged'
railties (5.2.7) lib/rails/rack/logger.rb:26:in `call'
sprockets-rails (3.4.2) lib/sprockets/rails/quiet_assets.rb:13:in `call'
actionpack (5.2.7) lib/action_dispatch/middleware/remote_ip.rb:81:in `call'
actionpack (5.2.7) lib/action_dispatch/middleware/request_id.rb:27:in `call'
rack (2.2.3) lib/rack/method_override.rb:24:in `call'
rack (2.2.3) lib/rack/runtime.rb:22:in `call'
activesupport (5.2.7) lib/active_support/cache/strategy/local_cache_middleware.rb:29:in `call'
actionpack (5.2.7) lib/action_dispatch/middleware/executor.rb:14:in `call'
actionpack (5.2.7) lib/action_dispatch/middleware/static.rb:127:in `call'
rack (2.2.3) lib/rack/sendfile.rb:110:in `call'
railties (5.2.7) lib/rails/engine.rb:524:in `call'
puma (3.12.6) lib/puma/configuration.rb:227:in `call'
puma (3.12.6) lib/puma/server.rb:706:in `handle_request'
puma (3.12.6) lib/puma/server.rb:476:in `process_client'
puma (3.12.6) lib/puma/server.rb:334:in `block in run'
puma (3.12.6) lib/puma/thread_pool.rb:135:in `block in spawn_thread'
Started GET "/login" for ::1 at 2022-03-19 20:11:07 +0530
  
LoadError (Unable to autoload constant SessionsController, expected /home/harsh/rails/T@L-CHATS/app/controllers/sessions_controller.rb to define it):
  
activesupport (5.2.7) lib/active_support/dependencies.rb:511:in `load_missing_constant'
activesupport (5.2.7) lib/active_support/dependencies.rb:195:in `const_missing'
activesupport (5.2.7) lib/active_support/inflector/methods.rb:283:in `const_get'
activesupport (5.2.7) lib/active_support/inflector/methods.rb:283:in `block in constantize'
activesupport (5.2.7) lib/active_support/inflector/methods.rb:281:in `each'
activesupport (5.2.7) lib/active_support/inflector/methods.rb:281:in `inject'
activesupport (5.2.7) lib/active_support/inflector/methods.rb:281:in `constantize'
activesupport (5.2.7) lib/active_support/dependencies.rb:582:in `get'
activesupport (5.2.7) lib/active_support/dependencies.rb:613:in `constantize'
actionpack (5.2.7) lib/action_dispatch/http/request.rb:88:in `controller_class_for'
actionpack (5.2.7) lib/action_dispatch/http/parameters.rb:101:in `binary_params_for?'
actionpack (5.2.7) lib/action_dispatch/http/parameters.rb:92:in `set_binary_encoding'
actionpack (5.2.7) lib/action_dispatch/http/parameters.rb:69:in `path_parameters='
actionpack (5.2.7) lib/action_dispatch/journey/router.rb:50:in `block in serve'
actionpack (5.2.7) lib/action_dispatch/journey/router.rb:35:in `each'
actionpack (5.2.7) lib/action_dispatch/journey/router.rb:35:in `serve'
actionpack (5.2.7) lib/action_dispatch/routing/route_set.rb:840:in `call'
rack (2.2.3) lib/rack/tempfile_reaper.rb:15:in `call'
rack (2.2.3) lib/rack/etag.rb:27:in `call'
rack (2.2.3) lib/rack/conditional_get.rb:27:in `call'
rack (2.2.3) lib/rack/head.rb:12:in `call'
actionpack (5.2.7) lib/action_dispatch/http/content_security_policy.rb:18:in `call'
rack (2.2.3) lib/rack/session/abstract/id.rb:266:in `context'
rack (2.2.3) lib/rack/session/abstract/id.rb:260:in `call'
actionpack (5.2.7) lib/action_dispatch/middleware/cookies.rb:670:in `call'
activerecord (5.2.7) lib/active_record/migration.rb:559:in `call'
actionpack (5.2.7) lib/action_dispatch/middleware/callbacks.rb:28:in `block in call'
activesupport (5.2.7) lib/active_support/callbacks.rb:98:in `run_callbacks'
actionpack (5.2.7) lib/action_dispatch/middleware/callbacks.rb:26:in `call'
actionpack (5.2.7) lib/action_dispatch/middleware/executor.rb:14:in `call'
actionpack (5.2.7) lib/action_dispatch/middleware/debug_exceptions.rb:61:in `call'
web-console (3.7.0) lib/web_console/middleware.rb:135:in `call_app'
web-console (3.7.0) lib/web_console/middleware.rb:30:in `block in call'
web-console (3.7.0) lib/web_console/middleware.rb:20:in `catch'
web-console (3.7.0) lib/web_console/middleware.rb:20:in `call'
actionpack (5.2.7) lib/action_dispatch/middleware/show_exceptions.rb:33:in `call'
railties (5.2.7) lib/rails/rack/logger.rb:38:in `call_app'
railties (5.2.7) lib/rails/rack/logger.rb:26:in `block in call'
activesupport (5.2.7) lib/active_support/tagged_logging.rb:71:in `block in tagged'
activesupport (5.2.7) lib/active_support/tagged_logging.rb:28:in `tagged'
activesupport (5.2.7) lib/active_support/tagged_logging.rb:71:in `tagged'
railties (5.2.7) lib/rails/rack/logger.rb:26:in `call'
sprockets-rails (3.4.2) lib/sprockets/rails/quiet_assets.rb:13:in `call'
actionpack (5.2.7) lib/action_dispatch/middleware/remote_ip.rb:81:in `call'
actionpack (5.2.7) lib/action_dispatch/middleware/request_id.rb:27:in `call'
rack (2.2.3) lib/rack/method_override.rb:24:in `call'
rack (2.2.3) lib/rack/runtime.rb:22:in `call'
activesupport (5.2.7) lib/active_support/cache/strategy/local_cache_middleware.rb:29:in `call'
actionpack (5.2.7) lib/action_dispatch/middleware/executor.rb:14:in `call'
actionpack (5.2.7) lib/action_dispatch/middleware/static.rb:127:in `call'
rack (2.2.3) lib/rack/sendfile.rb:110:in `call'
railties (5.2.7) lib/rails/engine.rb:524:in `call'
puma (3.12.6) lib/puma/configuration.rb:227:in `call'
puma (3.12.6) lib/puma/server.rb:706:in `handle_request'
puma (3.12.6) lib/puma/server.rb:476:in `process_client'
puma (3.12.6) lib/puma/server.rb:334:in `block in run'
puma (3.12.6) lib/puma/thread_pool.rb:135:in `block in spawn_thread'
Started GET "/login" for ::1 at 2022-03-19 20:11:08 +0530
  
LoadError (Unable to autoload constant SessionsController, expected /home/harsh/rails/T@L-CHATS/app/controllers/sessions_controller.rb to define it):
  
activesupport (5.2.7) lib/active_support/dependencies.rb:511:in `load_missing_constant'
activesupport (5.2.7) lib/active_support/dependencies.rb:195:in `const_missing'
activesupport (5.2.7) lib/active_support/inflector/methods.rb:283:in `const_get'
activesupport (5.2.7) lib/active_support/inflector/methods.rb:283:in `block in constantize'
activesupport (5.2.7) lib/active_support/inflector/methods.rb:281:in `each'
activesupport (5.2.7) lib/active_support/inflector/methods.rb:281:in `inject'
activesupport (5.2.7) lib/active_support/inflector/methods.rb:281:in `constantize'
activesupport (5.2.7) lib/active_support/dependencies.rb:582:in `get'
activesupport (5.2.7) lib/active_support/dependencies.rb:613:in `constantize'
actionpack (5.2.7) lib/action_dispatch/http/request.rb:88:in `controller_class_for'
actionpack (5.2.7) lib/action_dispatch/http/parameters.rb:101:in `binary_params_for?'
actionpack (5.2.7) lib/action_dispatch/http/parameters.rb:92:in `set_binary_encoding'
actionpack (5.2.7) lib/action_dispatch/http/parameters.rb:69:in `path_parameters='
actionpack (5.2.7) lib/action_dispatch/journey/router.rb:50:in `block in serve'
actionpack (5.2.7) lib/action_dispatch/journey/router.rb:35:in `each'
actionpack (5.2.7) lib/action_dispatch/journey/router.rb:35:in `serve'
actionpack (5.2.7) lib/action_dispatch/routing/route_set.rb:840:in `call'
rack (2.2.3) lib/rack/tempfile_reaper.rb:15:in `call'
rack (2.2.3) lib/rack/etag.rb:27:in `call'
rack (2.2.3) lib/rack/conditional_get.rb:27:in `call'
rack (2.2.3) lib/rack/head.rb:12:in `call'
actionpack (5.2.7) lib/action_dispatch/http/content_security_policy.rb:18:in `call'
rack (2.2.3) lib/rack/session/abstract/id.rb:266:in `context'
rack (2.2.3) lib/rack/session/abstract/id.rb:260:in `call'
actionpack (5.2.7) lib/action_dispatch/middleware/cookies.rb:670:in `call'
activerecord (5.2.7) lib/active_record/migration.rb:559:in `call'
actionpack (5.2.7) lib/action_dispatch/middleware/callbacks.rb:28:in `block in call'
activesupport (5.2.7) lib/active_support/callbacks.rb:98:in `run_callbacks'
actionpack (5.2.7) lib/action_dispatch/middleware/callbacks.rb:26:in `call'
actionpack (5.2.7) lib/action_dispatch/middleware/executor.rb:14:in `call'
actionpack (5.2.7) lib/action_dispatch/middleware/debug_exceptions.rb:61:in `call'
web-console (3.7.0) lib/web_console/middleware.rb:135:in `call_app'
web-console (3.7.0) lib/web_console/middleware.rb:30:in `block in call'
web-console (3.7.0) lib/web_console/middleware.rb:20:in `catch'
web-console (3.7.0) lib/web_console/middleware.rb:20:in `call'
actionpack (5.2.7) lib/action_dispatch/middleware/show_exceptions.rb:33:in `call'
railties (5.2.7) lib/rails/rack/logger.rb:38:in `call_app'
railties (5.2.7) lib/rails/rack/logger.rb:26:in `block in call'
activesupport (5.2.7) lib/active_support/tagged_logging.rb:71:in `block in tagged'
activesupport (5.2.7) lib/active_support/tagged_logging.rb:28:in `tagged'
activesupport (5.2.7) lib/active_support/tagged_logging.rb:71:in `tagged'
railties (5.2.7) lib/rails/rack/logger.rb:26:in `call'
sprockets-rails (3.4.2) lib/sprockets/rails/quiet_assets.rb:13:in `call'
actionpack (5.2.7) lib/action_dispatch/middleware/remote_ip.rb:81:in `call'
actionpack (5.2.7) lib/action_dispatch/middleware/request_id.rb:27:in `call'
rack (2.2.3) lib/rack/method_override.rb:24:in `call'
rack (2.2.3) lib/rack/runtime.rb:22:in `call'
activesupport (5.2.7) lib/active_support/cache/strategy/local_cache_middleware.rb:29:in `call'
actionpack (5.2.7) lib/action_dispatch/middleware/executor.rb:14:in `call'
actionpack (5.2.7) lib/action_dispatch/middleware/static.rb:127:in `call'
rack (2.2.3) lib/rack/sendfile.rb:110:in `call'
railties (5.2.7) lib/rails/engine.rb:524:in `call'
puma (3.12.6) lib/puma/configuration.rb:227:in `call'
puma (3.12.6) lib/puma/server.rb:706:in `handle_request'
puma (3.12.6) lib/puma/server.rb:476:in `process_client'
puma (3.12.6) lib/puma/server.rb:334:in `block in run'
puma (3.12.6) lib/puma/thread_pool.rb:135:in `block in spawn_thread'
Started GET "/login" for ::1 at 2022-03-19 20:11:08 +0530
  
LoadError (Unable to autoload constant SessionsController, expected /home/harsh/rails/T@L-CHATS/app/controllers/sessions_controller.rb to define it):
  
activesupport (5.2.7) lib/active_support/dependencies.rb:511:in `load_missing_constant'
activesupport (5.2.7) lib/active_support/dependencies.rb:195:in `const_missing'
activesupport (5.2.7) lib/active_support/inflector/methods.rb:283:in `const_get'
activesupport (5.2.7) lib/active_support/inflector/methods.rb:283:in `block in constantize'
activesupport (5.2.7) lib/active_support/inflector/methods.rb:281:in `each'
activesupport (5.2.7) lib/active_support/inflector/methods.rb:281:in `inject'
activesupport (5.2.7) lib/active_support/inflector/methods.rb:281:in `constantize'
activesupport (5.2.7) lib/active_support/dependencies.rb:582:in `get'
activesupport (5.2.7) lib/active_support/dependencies.rb:613:in `constantize'
actionpack (5.2.7) lib/action_dispatch/http/request.rb:88:in `controller_class_for'
actionpack (5.2.7) lib/action_dispatch/http/parameters.rb:101:in `binary_params_for?'
actionpack (5.2.7) lib/action_dispatch/http/parameters.rb:92:in `set_binary_encoding'
actionpack (5.2.7) lib/action_dispatch/http/parameters.rb:69:in `path_parameters='
actionpack (5.2.7) lib/action_dispatch/journey/router.rb:50:in `block in serve'
actionpack (5.2.7) lib/action_dispatch/journey/router.rb:35:in `each'
actionpack (5.2.7) lib/action_dispatch/journey/router.rb:35:in `serve'
actionpack (5.2.7) lib/action_dispatch/routing/route_set.rb:840:in `call'
rack (2.2.3) lib/rack/tempfile_reaper.rb:15:in `call'
rack (2.2.3) lib/rack/etag.rb:27:in `call'
rack (2.2.3) lib/rack/conditional_get.rb:27:in `call'
rack (2.2.3) lib/rack/head.rb:12:in `call'
actionpack (5.2.7) lib/action_dispatch/http/content_security_policy.rb:18:in `call'
rack (2.2.3) lib/rack/session/abstract/id.rb:266:in `context'
rack (2.2.3) lib/rack/session/abstract/id.rb:260:in `call'
actionpack (5.2.7) lib/action_dispatch/middleware/cookies.rb:670:in `call'
activerecord (5.2.7) lib/active_record/migration.rb:559:in `call'
actionpack (5.2.7) lib/action_dispatch/middleware/callbacks.rb:28:in `block in call'
activesupport (5.2.7) lib/active_support/callbacks.rb:98:in `run_callbacks'
actionpack (5.2.7) lib/action_dispatch/middleware/callbacks.rb:26:in `call'
actionpack (5.2.7) lib/action_dispatch/middleware/executor.rb:14:in `call'
actionpack (5.2.7) lib/action_dispatch/middleware/debug_exceptions.rb:61:in `call'
web-console (3.7.0) lib/web_console/middleware.rb:135:in `call_app'
web-console (3.7.0) lib/web_console/middleware.rb:30:in `block in call'
web-console (3.7.0) lib/web_console/middleware.rb:20:in `catch'
web-console (3.7.0) lib/web_console/middleware.rb:20:in `call'
actionpack (5.2.7) lib/action_dispatch/middleware/show_exceptions.rb:33:in `call'
railties (5.2.7) lib/rails/rack/logger.rb:38:in `call_app'
railties (5.2.7) lib/rails/rack/logger.rb:26:in `block in call'
activesupport (5.2.7) lib/active_support/tagged_logging.rb:71:in `block in tagged'
activesupport (5.2.7) lib/active_support/tagged_logging.rb:28:in `tagged'
activesupport (5.2.7) lib/active_support/tagged_logging.rb:71:in `tagged'
railties (5.2.7) lib/rails/rack/logger.rb:26:in `call'
sprockets-rails (3.4.2) lib/sprockets/rails/quiet_assets.rb:13:in `call'
actionpack (5.2.7) lib/action_dispatch/middleware/remote_ip.rb:81:in `call'
actionpack (5.2.7) lib/action_dispatch/middleware/request_id.rb:27:in `call'
rack (2.2.3) lib/rack/method_override.rb:24:in `call'
rack (2.2.3) lib/rack/runtime.rb:22:in `call'
activesupport (5.2.7) lib/active_support/cache/strategy/local_cache_middleware.rb:29:in `call'
actionpack (5.2.7) lib/action_dispatch/middleware/executor.rb:14:in `call'
actionpack (5.2.7) lib/action_dispatch/middleware/static.rb:127:in `call'
rack (2.2.3) lib/rack/sendfile.rb:110:in `call'
railties (5.2.7) lib/rails/engine.rb:524:in `call'
puma (3.12.6) lib/puma/configuration.rb:227:in `call'
puma (3.12.6) lib/puma/server.rb:706:in `handle_request'
puma (3.12.6) lib/puma/server.rb:476:in `process_client'
puma (3.12.6) lib/puma/server.rb:334:in `block in run'
puma (3.12.6) lib/puma/thread_pool.rb:135:in `block in spawn_thread'
Started GET "/login" for ::1 at 2022-03-19 20:11:26 +0530
Processing by SessionsController#new as HTML
  Rendering sessions/new.html.erb within layouts/application
  Rendered sessions/new.html.erb within layouts/application (0.3ms)
Completed 200 OK in 9ms (Views: 8.2ms | ActiveRecord: 0.0ms)


Started GET "/" for ::1 at 2022-03-19 20:33:24 +0530
  [1m[35m (0.2ms)[0m  [1m[35mSET NAMES utf8,  @@SESSION.sql_mode = CONCAT(CONCAT(@@sql_mode, ',STRICT_ALL_TABLES'), ',NO_AUTO_VALUE_ON_ZERO'),  @@SESSION.sql_auto_is_null = 0, @@SESSION.wait_timeout = 2147483[0m
  ↳ /home/harsh/.rvm/gems/ruby-2.5.1/gems/activerecord-5.2.7/lib/active_record/log_subscriber.rb:98
Processing by ChatroomController#index as HTML
  Rendering chatroom/index.html.erb within layouts/application
  Rendered chatroom/index.html.erb within layouts/application (1.8ms)
Started GET "/" for ::1 at 2022-03-19 20:33:29 +0530
  [1m[35m (68.8ms)[0m  [1m[35mSET NAMES utf8,  @@SESSION.sql_mode = CONCAT(CONCAT(@@sql_mode, ',STRICT_ALL_TABLES'), ',NO_AUTO_VALUE_ON_ZERO'),  @@SESSION.sql_auto_is_null = 0, @@SESSION.wait_timeout = 2147483[0m
  ↳ /home/harsh/.rvm/gems/ruby-2.5.1/gems/activerecord-5.2.7/lib/active_record/log_subscriber.rb:98
Processing by ChatroomController#index as HTML
  Rendering chatroom/index.html.erb within layouts/application
  Rendered chatroom/index.html.erb within layouts/application (0.3ms)
Completed 200 OK in 10364ms (Views: 10363.4ms | ActiveRecord: 0.0ms)


Completed 200 OK in 15388ms (Views: 15383.2ms | ActiveRecord: 0.0ms)


Started GET "/login" for ::1 at 2022-03-19 20:34:09 +0530
Processing by SessionsController#new as HTML
  Rendering sessions/new.html.erb within layouts/application
  Rendered sessions/new.html.erb within layouts/application (0.3ms)
Completed 200 OK in 52ms (Views: 50.2ms | ActiveRecord: 0.0ms)


Started GET "/login" for ::1 at 2022-03-19 20:48:21 +0530
  [1m[35m (0.5ms)[0m  [1m[35mSET NAMES utf8,  @@SESSION.sql_mode = CONCAT(CONCAT(@@sql_mode, ',STRICT_ALL_TABLES'), ',NO_AUTO_VALUE_ON_ZERO'),  @@SESSION.sql_auto_is_null = 0, @@SESSION.wait_timeout = 2147483[0m
  ↳ /home/harsh/.rvm/gems/ruby-2.5.1/gems/activerecord-5.2.7/lib/active_record/log_subscriber.rb:98
Processing by SessionsController#new as HTML
  Rendering sessions/new.html.erb within layouts/application
  Rendered sessions/new.html.erb within layouts/application (0.5ms)
Completed 500 Internal Server Error in 42ms (ActiveRecord: 0.0ms)


  
ActionView::Template::Error (Missing partial sessions/_navigation, application/_navigation with {:locale=>[:en], :formats=>[:html], :variants=>[], :handlers=>[:raw, :erb, :html, :builder, :ruby, :coffee, :jbuilder]}. Searched in:
  * "/home/harsh/rails/T@L_CHATS/app/views"
  * "/home/harsh/.rvm/gems/ruby-2.5.1/gems/semantic-ui-sass-2.4.4.0/app/views"
):
    11: 
    12:   <body>
    13: 
    14:     <%= render 'navigation'%>
    15:     <%= yield %>
    16:   </body>
    17: </html>
  
app/views/layouts/application.html.erb:14:in `_app_views_layouts_application_html_erb___715434044405609264_70193369085700'
Started GET "/login" for ::1 at 2022-03-19 20:49:00 +0530
Processing by SessionsController#new as HTML
  Rendering sessions/new.html.erb within layouts/application
  Rendered sessions/new.html.erb within layouts/application (0.4ms)
Completed 500 Internal Server Error in 44ms (ActiveRecord: 0.0ms)


  
ActionView::Template::Error (Missing partial sessions/_navigation, application/_navigation with {:locale=>[:en], :formats=>[:html], :variants=>[], :handlers=>[:raw, :erb, :html, :builder, :ruby, :coffee, :jbuilder]}. Searched in:
  * "/home/harsh/rails/T@L_CHATS/app/views"
  * "/home/harsh/.rvm/gems/ruby-2.5.1/gems/semantic-ui-sass-2.4.4.0/app/views"
):
    11: 
    12:   <body>
    13:     <%= yield %>
    14:     <%= render 'navigation'%>
    15:   </body>
    16: </html>
  
app/views/layouts/application.html.erb:14:in `_app_views_layouts_application_html_erb___715434044405609264_70192922253760'
Started GET "/login" for ::1 at 2022-03-19 20:49:55 +0530
Processing by SessionsController#new as HTML
  Rendering sessions/new.html.erb within layouts/application
  Rendered sessions/new.html.erb within layouts/application (3.4ms)
Completed 500 Internal Server Error in 7ms (ActiveRecord: 0.0ms)


  
ActionView::Template::Error (Missing partial sessions/_navigation, application/_navigation with {:locale=>[:en], :formats=>[:html], :variants=>[], :handlers=>[:raw, :erb, :html, :builder, :ruby, :coffee, :jbuilder]}. Searched in:
  * "/home/harsh/rails/T@L_CHATS/app/views"
  * "/home/harsh/.rvm/gems/ruby-2.5.1/gems/semantic-ui-sass-2.4.4.0/app/views"
):
    1: <%= render 'navigation' %>
    2: <h1> Welcome to login route mother fucker!! </h1>
  
app/views/sessions/new.html.erb:1:in `_app_views_sessions_new_html_erb___380249865092998575_70193363814740'
Started GET "/login" for ::1 at 2022-03-19 20:50:04 +0530
Processing by SessionsController#new as HTML
  Rendering sessions/new.html.erb within layouts/application
  Rendered sessions/new.html.erb within layouts/application (3.7ms)
Completed 500 Internal Server Error in 8ms (ActiveRecord: 0.0ms)


  
ActionView::Template::Error (Missing partial sessions/_navigation, application/_navigation with {:locale=>[:en], :formats=>[:html], :variants=>[], :handlers=>[:raw, :erb, :html, :builder, :ruby, :coffee, :jbuilder]}. Searched in:
  * "/home/harsh/rails/T@L_CHATS/app/views"
  * "/home/harsh/.rvm/gems/ruby-2.5.1/gems/semantic-ui-sass-2.4.4.0/app/views"
):
    1: <%= render 'navigation' %>
    2: <h1> Welcome to login route mother fucker!! </h1>
  
app/views/sessions/new.html.erb:1:in `_app_views_sessions_new_html_erb___380249865092998575_70193061694520'
Started GET "/login" for ::1 at 2022-03-19 20:51:32 +0530
Processing by SessionsController#new as HTML
  Rendering sessions/new.html.erb within layouts/application
  Rendered layouts/_navigation.html.erb (0.2ms)
  Rendered sessions/new.html.erb within layouts/application (0.8ms)
Completed 200 OK in 34ms (Views: 32.1ms | ActiveRecord: 0.0ms)


Started GET "/login" for ::1 at 2022-03-19 20:51:46 +0530
Processing by SessionsController#new as HTML
  Rendering sessions/new.html.erb within layouts/application
  Rendered layouts/_navigation.html.erb (0.2ms)
  Rendered sessions/new.html.erb within layouts/application (1.5ms)
Completed 200 OK in 33ms (Views: 32.5ms | ActiveRecord: 0.0ms)


Started GET "/login" for ::1 at 2022-03-19 20:52:33 +0530
Processing by SessionsController#new as HTML
  Rendering sessions/new.html.erb within layouts/application
  Rendered layouts/_navigation.html.erb (0.2ms)
  Rendered sessions/new.html.erb within layouts/application (1.2ms)
Completed 200 OK in 37ms (Views: 35.3ms | ActiveRecord: 0.0ms)


Started GET "/login" for ::1 at 2022-03-19 20:52:49 +0530
Processing by SessionsController#new as HTML
  Rendering sessions/new.html.erb within layouts/application
  Rendered layouts/_navigation.html.erb (0.2ms)
  Rendered sessions/new.html.erb within layouts/application (1.3ms)
Completed 200 OK in 33ms (Views: 31.5ms | ActiveRecord: 0.0ms)


Started GET "/login" for ::1 at 2022-03-19 20:53:07 +0530
Processing by SessionsController#new as HTML
  Rendering sessions/new.html.erb within layouts/application
  Rendered layouts/_navigation.html.erb (0.4ms)
  Rendered sessions/new.html.erb within layouts/application (1.4ms)
Completed 200 OK in 35ms (Views: 34.1ms | ActiveRecord: 0.0ms)


Started GET "/login" for ::1 at 2022-03-19 20:53:16 +0530
Processing by SessionsController#new as HTML
  Rendering sessions/new.html.erb within layouts/application
  Rendered layouts/_navigation.html.erb (0.2ms)
  Rendered sessions/new.html.erb within layouts/application (1.0ms)
Completed 200 OK in 32ms (Views: 31.3ms | ActiveRecord: 0.0ms)


Started GET "/login" for ::1 at 2022-03-19 20:53:25 +0530
Processing by SessionsController#new as HTML
  Rendering sessions/new.html.erb within layouts/application
  Rendered layouts/_navigation.html.erb (0.4ms)
  Rendered sessions/new.html.erb within layouts/application (1.7ms)
Completed 200 OK in 51ms (Views: 49.9ms | ActiveRecord: 0.0ms)


Started GET "/login" for ::1 at 2022-03-19 20:53:26 +0530
Processing by SessionsController#new as HTML
  Rendering sessions/new.html.erb within layouts/application
  Rendered layouts/_navigation.html.erb (0.4ms)
  Rendered sessions/new.html.erb within layouts/application (1.3ms)
Completed 200 OK in 41ms (Views: 39.6ms | ActiveRecord: 0.0ms)


Started GET "/login" for ::1 at 2022-03-19 20:53:26 +0530
Processing by SessionsController#new as HTML
  Rendering sessions/new.html.erb within layouts/application
  Rendered layouts/_navigation.html.erb (0.2ms)
  Rendered sessions/new.html.erb within layouts/application (1.1ms)
Completed 200 OK in 35ms (Views: 34.2ms | ActiveRecord: 0.0ms)


Started GET "/login" for ::1 at 2022-03-19 20:53:51 +0530
Processing by SessionsController#new as HTML
  Rendering sessions/new.html.erb within layouts/application
  Rendered layouts/_navigation.html.erb (0.3ms)
  Rendered sessions/new.html.erb within layouts/application (1.4ms)
Completed 200 OK in 42ms (Views: 41.2ms | ActiveRecord: 0.0ms)


Started GET "/login" for ::1 at 2022-03-19 20:54:33 +0530
Processing by SessionsController#new as HTML
  Rendering sessions/new.html.erb within layouts/application
  Rendered layouts/_navigation.html.erb (0.3ms)
  Rendered sessions/new.html.erb within layouts/application (1.0ms)
Completed 200 OK in 41ms (Views: 39.3ms | ActiveRecord: 0.0ms)


Started GET "/" for ::1 at 2022-03-19 20:55:40 +0530
Processing by ChatroomController#index as HTML
  Rendering chatroom/index.html.erb within layouts/application
  Rendered chatroom/index.html.erb within layouts/application (0.3ms)
Completed 200 OK in 39ms (Views: 37.8ms | ActiveRecord: 0.0ms)


Started GET "/" for ::1 at 2022-03-19 20:56:31 +0530
Processing by ChatroomController#index as HTML
  Rendering chatroom/index.html.erb within layouts/application
  Rendered layouts/_navigation.html.erb (0.3ms)
  Rendered chatroom/index.html.erb within layouts/application (1.0ms)
Completed 200 OK in 42ms (Views: 40.0ms | ActiveRecord: 0.0ms)


Started GET "/" for ::1 at 2022-03-19 20:57:27 +0530
Processing by ChatroomController#index as HTML
  Rendering chatroom/index.html.erb within layouts/application
  Rendered layouts/_navigation.html.erb (0.3ms)
  Rendered chatroom/index.html.erb within layouts/application (1.3ms)
Completed 200 OK in 35ms (Views: 33.2ms | ActiveRecord: 0.0ms)


Started GET "/" for ::1 at 2022-03-19 20:57:27 +0530
Processing by ChatroomController#index as HTML
  Rendering chatroom/index.html.erb within layouts/application
  Rendered layouts/_navigation.html.erb (0.6ms)
  Rendered chatroom/index.html.erb within layouts/application (2.7ms)
Completed 200 OK in 37ms (Views: 35.7ms | ActiveRecord: 0.0ms)


Started GET "/" for ::1 at 2022-03-19 20:57:28 +0530
Processing by ChatroomController#index as HTML
  Rendering chatroom/index.html.erb within layouts/application
  Rendered layouts/_navigation.html.erb (0.3ms)
  Rendered chatroom/index.html.erb within layouts/application (1.5ms)
Completed 200 OK in 34ms (Views: 33.1ms | ActiveRecord: 0.0ms)


Started GET "/" for ::1 at 2022-03-19 20:57:28 +0530
Processing by ChatroomController#index as HTML
  Rendering chatroom/index.html.erb within layouts/application
  Rendered layouts/_navigation.html.erb (0.3ms)
  Rendered chatroom/index.html.erb within layouts/application (1.5ms)
Completed 200 OK in 35ms (Views: 33.2ms | ActiveRecord: 0.0ms)


Started GET "/" for ::1 at 2022-03-19 20:58:09 +0530
Processing by ChatroomController#index as HTML
  Rendering chatroom/index.html.erb within layouts/application
  Rendered layouts/_navigation.html.erb (0.2ms)
  Rendered chatroom/index.html.erb within layouts/application (0.9ms)
Completed 200 OK in 37ms (Views: 35.9ms | ActiveRecord: 0.0ms)


Started GET "/" for ::1 at 2022-03-19 20:58:09 +0530
Processing by ChatroomController#index as HTML
  Rendering chatroom/index.html.erb within layouts/application
  Rendered layouts/_navigation.html.erb (0.4ms)
  Rendered chatroom/index.html.erb within layouts/application (1.6ms)
Completed 200 OK in 37ms (Views: 35.8ms | ActiveRecord: 0.0ms)


Started GET "/" for ::1 at 2022-03-19 20:58:14 +0530
Processing by ChatroomController#index as HTML
  Rendering chatroom/index.html.erb within layouts/application
  Rendered layouts/_navigation.html.erb (0.3ms)
  Rendered chatroom/index.html.erb within layouts/application (1.6ms)
Completed 200 OK in 39ms (Views: 37.3ms | ActiveRecord: 0.0ms)


Started GET "/" for ::1 at 2022-03-19 20:58:14 +0530
Processing by ChatroomController#index as HTML
  Rendering chatroom/index.html.erb within layouts/application
  Rendered layouts/_navigation.html.erb (0.3ms)
  Rendered chatroom/index.html.erb within layouts/application (1.1ms)
Completed 200 OK in 33ms (Views: 31.9ms | ActiveRecord: 0.0ms)


Started GET "/" for ::1 at 2022-03-19 20:58:14 +0530
Processing by ChatroomController#index as HTML
  Rendering chatroom/index.html.erb within layouts/application
  Rendered layouts/_navigation.html.erb (0.9ms)
  Rendered chatroom/index.html.erb within layouts/application (3.0ms)
Completed 200 OK in 36ms (Views: 35.3ms | ActiveRecord: 0.0ms)


Started GET "/" for ::1 at 2022-03-19 20:58:25 +0530
Processing by ChatroomController#index as HTML
  Rendering chatroom/index.html.erb within layouts/application
  Rendered layouts/_navigation.html.erb (0.3ms)
  Rendered chatroom/index.html.erb within layouts/application (1.7ms)
Completed 200 OK in 34ms (Views: 32.7ms | ActiveRecord: 0.0ms)


Started GET "/" for ::1 at 2022-03-19 20:58:25 +0530
Processing by ChatroomController#index as HTML
  Rendering chatroom/index.html.erb within layouts/application
  Rendered layouts/_navigation.html.erb (0.1ms)
  Rendered chatroom/index.html.erb within layouts/application (1.2ms)
Completed 200 OK in 37ms (Views: 35.3ms | ActiveRecord: 0.0ms)


Started GET "/" for ::1 at 2022-03-19 20:58:26 +0530
Processing by ChatroomController#index as HTML
  Rendering chatroom/index.html.erb within layouts/application
  Rendered layouts/_navigation.html.erb (0.4ms)
  Rendered chatroom/index.html.erb within layouts/application (1.9ms)
Completed 200 OK in 36ms (Views: 35.1ms | ActiveRecord: 0.0ms)


Started GET "/" for ::1 at 2022-03-19 20:58:26 +0530
Processing by ChatroomController#index as HTML
  Rendering chatroom/index.html.erb within layouts/application
  Rendered layouts/_navigation.html.erb (0.4ms)
  Rendered chatroom/index.html.erb within layouts/application (1.6ms)
Completed 200 OK in 39ms (Views: 37.3ms | ActiveRecord: 0.0ms)


Started GET "/" for ::1 at 2022-03-19 20:58:26 +0530
Processing by ChatroomController#index as HTML
  Rendering chatroom/index.html.erb within layouts/application
  Rendered layouts/_navigation.html.erb (0.5ms)
  Rendered chatroom/index.html.erb within layouts/application (1.9ms)
Completed 200 OK in 47ms (Views: 44.6ms | ActiveRecord: 0.0ms)


Started GET "/" for ::1 at 2022-03-19 20:58:26 +0530
Processing by ChatroomController#index as HTML
  Rendering chatroom/index.html.erb within layouts/application
  Rendered layouts/_navigation.html.erb (0.3ms)
  Rendered chatroom/index.html.erb within layouts/application (1.4ms)
Completed 200 OK in 37ms (Views: 35.6ms | ActiveRecord: 0.0ms)


Started GET "/" for ::1 at 2022-03-19 20:58:26 +0530
Processing by ChatroomController#index as HTML
  Rendering chatroom/index.html.erb within layouts/application
  Rendered layouts/_navigation.html.erb (0.4ms)
  Rendered chatroom/index.html.erb within layouts/application (1.6ms)
Completed 200 OK in 40ms (Views: 38.6ms | ActiveRecord: 0.0ms)


Started GET "/" for ::1 at 2022-03-19 20:58:30 +0530
Processing by ChatroomController#index as HTML
  Rendering chatroom/index.html.erb within layouts/application
  Rendered layouts/_navigation.html.erb (0.4ms)
  Rendered chatroom/index.html.erb within layouts/application (1.9ms)
Completed 200 OK in 41ms (Views: 39.8ms | ActiveRecord: 0.0ms)


Started GET "/" for ::1 at 2022-03-19 20:58:31 +0530
Processing by ChatroomController#index as HTML
  Rendering chatroom/index.html.erb within layouts/application
  Rendered layouts/_navigation.html.erb (0.3ms)
  Rendered chatroom/index.html.erb within layouts/application (1.5ms)
Completed 200 OK in 39ms (Views: 37.8ms | ActiveRecord: 0.0ms)


Started GET "/" for ::1 at 2022-03-19 20:58:31 +0530
Processing by ChatroomController#index as HTML
  Rendering chatroom/index.html.erb within layouts/application
  Rendered layouts/_navigation.html.erb (0.4ms)
  Rendered chatroom/index.html.erb within layouts/application (1.7ms)
Completed 200 OK in 38ms (Views: 36.8ms | ActiveRecord: 0.0ms)


Started GET "/" for ::1 at 2022-03-19 20:58:31 +0530
Processing by ChatroomController#index as HTML
  Rendering chatroom/index.html.erb within layouts/application
  Rendered layouts/_navigation.html.erb (0.4ms)
  Rendered chatroom/index.html.erb within layouts/application (1.7ms)
Completed 200 OK in 37ms (Views: 35.5ms | ActiveRecord: 0.0ms)


Started GET "/" for ::1 at 2022-03-19 20:58:31 +0530
Processing by ChatroomController#index as HTML
  Rendering chatroom/index.html.erb within layouts/application
  Rendered layouts/_navigation.html.erb (0.3ms)
  Rendered chatroom/index.html.erb within layouts/application (1.7ms)
Completed 200 OK in 41ms (Views: 38.7ms | ActiveRecord: 0.0ms)


Started GET "/" for ::1 at 2022-03-19 21:13:26 +0530
  [1m[35m (0.4ms)[0m  [1m[35mSET NAMES utf8,  @@SESSION.sql_mode = CONCAT(CONCAT(@@sql_mode, ',STRICT_ALL_TABLES'), ',NO_AUTO_VALUE_ON_ZERO'),  @@SESSION.sql_auto_is_null = 0, @@SESSION.wait_timeout = 2147483[0m
  ↳ /home/harsh/.rvm/gems/ruby-2.5.1/gems/activerecord-5.2.7/lib/active_record/log_subscriber.rb:98
Processing by ChatroomController#index as HTML
  Rendering chatroom/index.html.erb within layouts/application
  Rendered layouts/_navigation.html.erb (0.3ms)
  Rendered chatroom/index.html.erb within layouts/application (1.5ms)
Completed 200 OK in 175ms (Views: 173.7ms | ActiveRecord: 0.0ms)


Started GET "/" for ::1 at 2022-03-19 21:13:29 +0530
Processing by ChatroomController#index as HTML
  Rendering chatroom/index.html.erb within layouts/application
  Rendered layouts/_navigation.html.erb (0.2ms)
  Rendered chatroom/index.html.erb within layouts/application (1.1ms)
Completed 200 OK in 33ms (Views: 31.4ms | ActiveRecord: 0.0ms)


Started GET "/" for ::1 at 2022-03-19 21:14:06 +0530
  [1m[35m (0.3ms)[0m  [1m[35mSET NAMES utf8,  @@SESSION.sql_mode = CONCAT(CONCAT(@@sql_mode, ',STRICT_ALL_TABLES'), ',NO_AUTO_VALUE_ON_ZERO'),  @@SESSION.sql_auto_is_null = 0, @@SESSION.wait_timeout = 2147483[0m
  ↳ /home/harsh/.rvm/gems/ruby-2.5.1/gems/activerecord-5.2.7/lib/active_record/log_subscriber.rb:98
Processing by ChatroomController#index as HTML
  Rendering chatroom/index.html.erb within layouts/application
  Rendered layouts/_navigation.html.erb (0.1ms)
  Rendered chatroom/index.html.erb within layouts/application (1.2ms)
Completed 200 OK in 318ms (Views: 314.3ms | ActiveRecord: 0.0ms)


Started GET "/" for ::1 at 2022-03-19 21:15:51 +0530
  [1m[35m (0.3ms)[0m  [1m[35mSET NAMES utf8,  @@SESSION.sql_mode = CONCAT(CONCAT(@@sql_mode, ',STRICT_ALL_TABLES'), ',NO_AUTO_VALUE_ON_ZERO'),  @@SESSION.sql_auto_is_null = 0, @@SESSION.wait_timeout = 2147483[0m
  ↳ /home/harsh/.rvm/gems/ruby-2.5.1/gems/activerecord-5.2.7/lib/active_record/log_subscriber.rb:98
Processing by ChatroomController#index as HTML
  Rendering chatroom/index.html.erb within layouts/application
  Rendered layouts/_navigation.html.erb (0.1ms)
  Rendered chatroom/index.html.erb within layouts/application (1.2ms)
Completed 200 OK in 516ms (Views: 512.1ms | ActiveRecord: 0.0ms)


Started GET "/" for ::1 at 2022-03-19 21:17:28 +0530
  [1m[35m (0.2ms)[0m  [1m[35mSET NAMES utf8,  @@SESSION.sql_mode = CONCAT(CONCAT(@@sql_mode, ',STRICT_ALL_TABLES'), ',NO_AUTO_VALUE_ON_ZERO'),  @@SESSION.sql_auto_is_null = 0, @@SESSION.wait_timeout = 2147483[0m
  ↳ /home/harsh/.rvm/gems/ruby-2.5.1/gems/activerecord-5.2.7/lib/active_record/log_subscriber.rb:98
Processing by ChatroomController#index as HTML
  Rendering chatroom/index.html.erb within layouts/application
  Rendered layouts/_navigation.html.erb (0.2ms)
  Rendered chatroom/index.html.erb within layouts/application (1.1ms)
Completed 200 OK in 489ms (Views: 486.8ms | ActiveRecord: 0.0ms)


Started GET "/" for ::1 at 2022-03-20 14:39:56 +0530
  [1m[35m (31.6ms)[0m  [1m[35mSET NAMES utf8,  @@SESSION.sql_mode = CONCAT(CONCAT(@@sql_mode, ',STRICT_ALL_TABLES'), ',NO_AUTO_VALUE_ON_ZERO'),  @@SESSION.sql_auto_is_null = 0, @@SESSION.wait_timeout = 2147483[0m
  ↳ /home/harsh/.rvm/gems/ruby-2.5.1/gems/activerecord-5.2.7/lib/active_record/log_subscriber.rb:98
Processing by ChatroomController#index as HTML
  Rendering chatroom/index.html.erb within layouts/application
  Rendered layouts/_navigation.html.erb (0.5ms)
  Rendered chatroom/index.html.erb within layouts/application (152.6ms)
Completed 200 OK in 2333ms (Views: 2086.4ms | ActiveRecord: 0.0ms)


Started GET "/" for ::1 at 2022-03-20 14:48:39 +0530
  [1m[35m (0.4ms)[0m  [1m[35mSET NAMES utf8,  @@SESSION.sql_mode = CONCAT(CONCAT(@@sql_mode, ',STRICT_ALL_TABLES'), ',NO_AUTO_VALUE_ON_ZERO'),  @@SESSION.sql_auto_is_null = 0, @@SESSION.wait_timeout = 2147483[0m
  ↳ /home/harsh/.rvm/gems/ruby-2.5.1/gems/activerecord-5.2.7/lib/active_record/log_subscriber.rb:98
Processing by ChatroomController#index as HTML
  Rendering chatroom/index.html.erb within layouts/application
  Rendered layouts/_navigation.html.erb (0.2ms)
  Rendered chatroom/index.html.erb within layouts/application (1.2ms)
Completed 200 OK in 247ms (Views: 243.0ms | ActiveRecord: 0.0ms)


Started GET "/" for ::1 at 2022-03-20 14:59:29 +0530
  [1m[35m (0.5ms)[0m  [1m[35mSET NAMES utf8,  @@SESSION.sql_mode = CONCAT(CONCAT(@@sql_mode, ',STRICT_ALL_TABLES'), ',NO_AUTO_VALUE_ON_ZERO'),  @@SESSION.sql_auto_is_null = 0, @@SESSION.wait_timeout = 2147483[0m
  ↳ /home/harsh/.rvm/gems/ruby-2.5.1/gems/activerecord-5.2.7/lib/active_record/log_subscriber.rb:98
Processing by ChatroomController#index as HTML
  Rendering chatroom/index.html.erb within layouts/application
  Rendered layouts/_navigation.html.erb (0.3ms)
  Rendered chatroom/index.html.erb within layouts/application (1.2ms)
Completed 200 OK in 213ms (Views: 209.6ms | ActiveRecord: 0.0ms)


Started GET "/" for ::1 at 2022-03-20 15:00:49 +0530
Processing by ChatroomController#index as HTML
  Rendering chatroom/index.html.erb within layouts/application
  Rendered layouts/_navigation.html.erb (0.2ms)
  Rendered chatroom/index.html.erb within layouts/application (1.3ms)
Completed 200 OK in 40ms (Views: 39.5ms | ActiveRecord: 0.0ms)


Started GET "/" for ::1 at 2022-03-20 15:01:04 +0530
Processing by ChatroomController#index as HTML
  Rendering chatroom/index.html.erb within layouts/application
  Rendered layouts/_navigation.html.erb (0.3ms)
  Rendered chatroom/index.html.erb within layouts/application (1.7ms)
Completed 200 OK in 36ms (Views: 34.5ms | ActiveRecord: 0.0ms)


Started GET "/" for ::1 at 2022-03-20 15:01:08 +0530
Processing by ChatroomController#index as HTML
  Rendering chatroom/index.html.erb within layouts/application
  Rendered layouts/_navigation.html.erb (0.4ms)
  Rendered chatroom/index.html.erb within layouts/application (1.6ms)
Completed 200 OK in 42ms (Views: 40.2ms | ActiveRecord: 0.0ms)


Started GET "/" for ::1 at 2022-03-20 15:33:00 +0530
  [1m[35m (0.2ms)[0m  [1m[35mSET NAMES utf8,  @@SESSION.sql_mode = CONCAT(CONCAT(@@sql_mode, ',STRICT_ALL_TABLES'), ',NO_AUTO_VALUE_ON_ZERO'),  @@SESSION.sql_auto_is_null = 0, @@SESSION.wait_timeout = 2147483[0m
  ↳ /home/harsh/.rvm/gems/ruby-2.5.1/gems/activerecord-5.2.7/lib/active_record/log_subscriber.rb:98
Processing by ChatroomController#index as HTML
  Rendering chatroom/index.html.erb within layouts/application
  Rendered layouts/_navigation.html.erb (0.2ms)
  Rendered chatroom/index.html.erb within layouts/application (0.9ms)
Completed 200 OK in 464ms (Views: 463.5ms | ActiveRecord: 0.0ms)


Started GET "/" for ::1 at 2022-03-20 15:33:17 +0530
Processing by ChatroomController#index as HTML
  Rendering chatroom/index.html.erb within layouts/application
  Rendered layouts/_navigation.html.erb (0.4ms)
  Rendered chatroom/index.html.erb within layouts/application (1.8ms)
Completed 200 OK in 49ms (Views: 47.7ms | ActiveRecord: 0.0ms)


Started GET "/" for ::1 at 2022-03-20 15:40:11 +0530
  [1m[35m (0.2ms)[0m  [1m[35mSET NAMES utf8,  @@SESSION.sql_mode = CONCAT(CONCAT(@@sql_mode, ',STRICT_ALL_TABLES'), ',NO_AUTO_VALUE_ON_ZERO'),  @@SESSION.sql_auto_is_null = 0, @@SESSION.wait_timeout = 2147483[0m
  ↳ /home/harsh/.rvm/gems/ruby-2.5.1/gems/activerecord-5.2.7/lib/active_record/log_subscriber.rb:98
Processing by ChatroomController#index as HTML
  Rendering chatroom/index.html.erb within layouts/application
  Rendered layouts/_navigation.html.erb (0.2ms)
  Rendered chatroom/index.html.erb within layouts/application (0.9ms)
Completed 200 OK in 119ms (Views: 118.4ms | ActiveRecord: 0.0ms)


